<?xml version="1.0" encoding="UTF-8"?>
<!-- Generated by org.testng.reporters.JUnitXMLReporter -->
<testsuite ignored="2" hostname="Asma" failures="0" tests="8" name="SauceLabs Tests" time="12.772" errors="0" timestamp="2024-10-13T17:31:33 WAT">
  <testcase classname="com.lieairecode.StSauceLabs" name="failedLoginTest" time="0.593"/>
  <testcase classname="com.lieairecode.StSauceLabs" name="lockedOutUserTest" time="0.632"/>
  <testcase classname="com.lieairecode.StSauceLabs" name="validLoginTest" time="0.564"/>
  <testcase classname="com.lieairecode.StSauceLabs" name="addToCartTest" time="0.125"/>
  <testcase classname="com.lieairecode.StSauceLabs" name="viewCartTest" time="0.141"/>
  <testcase classname="com.lieairecode.StSauceLabs" name="removeFromCartTest" time="0.147"/>
  <testcase classname="com.lieairecode.StSauceLabs" name="checkoutTest" time="0.752"/>
  <testcase classname="com.lieairecode.StSauceLabs" name="filterProductsTest" time="0.43"/>
  <testcase classname="com.lieairecode.StSauceLabs" name="addToCartinexsitantproductTest" time="0.0">
    <ignored/>
  </testcase> <!-- addToCartinexsitantproductTest -->
  <testcase classname="com.lieairecode.StSauceLabs" name="logoutTest" time="0.0">
    <ignored/>
  </testcase> <!-- logoutTest -->
</testsuite> <!-- SauceLabs Tests -->
