<?xml version="1.0" encoding="UTF-8"?>
<testng-results ignored="0" total="10" passed="9" failed="1" skipped="0">
  <reporter-output>
  </reporter-output>
  <suite started-at="2025-07-17T11:54:16 WAT" name="Default suite" finished-at="2025-07-17T11:55:23 WAT" duration-ms="67055">
    <groups>
    </groups>
    <test started-at="2025-07-17T11:54:16 WAT" name="Default test" finished-at="2025-07-17T11:55:23 WAT" duration-ms="67055">
      <class name="com.lieairecode.StSauceLabs">
        <test-method is-config="true" signature="setupbeforeTest()[pri:0, instance:com.lieairecode.StSauceLabs@5a1de7fb]" started-at="2025-07-17T11:54:16 WAT" name="setupbeforeTest" finished-at="2025-07-17T11:54:23 WAT" duration-ms="6685" status="PASS">
          <reporter-output>
          </reporter-output>
        </test-method> <!-- setupbeforeTest -->
        <test-method is-config="true" signature="getActualDateTime()[pri:0, instance:com.lieairecode.StSauceLabs@5a1de7fb]" started-at="2025-07-17T11:54:23 WAT" name="getActualDateTime" finished-at="2025-07-17T11:54:23 WAT" duration-ms="3" status="PASS">
          <reporter-output>
          </reporter-output>
        </test-method> <!-- getActualDateTime -->
        <test-method is-config="true" signature="setupbeforeMethode(org.testng.ITestResult)[pri:0, instance:com.lieairecode.StSauceLabs@5a1de7fb]" started-at="2025-07-17T11:54:23 WAT" name="setupbeforeMethode" finished-at="2025-07-17T11:54:23 WAT" duration-ms="401" status="PASS">
          <params>
            <param index="0">
              <value>
                <![CDATA[[TestResult name={null} status=CREATED method=StSauceLabs.failedLoginTest()[pri:1, instance:com.lieairecode.StSauceLabs@5a1de7fb] output={null}]]]>
              </value>
            </param>
          </params>
          <reporter-output>
          </reporter-output>
        </test-method> <!-- setupbeforeMethode -->
        <test-method signature="failedLoginTest()[pri:1, instance:com.lieairecode.StSauceLabs@5a1de7fb]" started-at="2025-07-17T11:54:23 WAT" name="failedLoginTest" finished-at="2025-07-17T11:54:24 WAT" duration-ms="1083" status="PASS">
          <reporter-output>
          </reporter-output>
        </test-method> <!-- failedLoginTest -->
        <test-method is-config="true" signature="tearDown(org.testng.ITestResult)[pri:0, instance:com.lieairecode.StSauceLabs@5a1de7fb]" started-at="2025-07-17T11:54:24 WAT" name="tearDown" finished-at="2025-07-17T11:54:27 WAT" duration-ms="2514" status="PASS">
          <params>
            <param index="0">
              <value>
                <![CDATA[[TestResult name=failedLoginTest status=SUCCESS method=StSauceLabs.failedLoginTest()[pri:1, instance:com.lieairecode.StSauceLabs@5a1de7fb] output={null}]]]>
              </value>
            </param>
          </params>
          <reporter-output>
          </reporter-output>
        </test-method> <!-- tearDown -->
        <test-method is-config="true" signature="setupbeforeMethode(org.testng.ITestResult)[pri:0, instance:com.lieairecode.StSauceLabs@5a1de7fb]" started-at="2025-07-17T11:54:27 WAT" name="setupbeforeMethode" finished-at="2025-07-17T11:54:27 WAT" duration-ms="8" status="PASS">
          <params>
            <param index="0">
              <value>
                <![CDATA[[TestResult name={null} status=CREATED method=StSauceLabs.lockedOutUserTest()[pri:2, instance:com.lieairecode.StSauceLabs@5a1de7fb] output={null}]]]>
              </value>
            </param>
          </params>
          <reporter-output>
          </reporter-output>
        </test-method> <!-- setupbeforeMethode -->
        <test-method signature="lockedOutUserTest()[pri:2, instance:com.lieairecode.StSauceLabs@5a1de7fb]" started-at="2025-07-17T11:54:27 WAT" name="lockedOutUserTest" finished-at="2025-07-17T11:54:27 WAT" duration-ms="620" status="PASS">
          <reporter-output>
          </reporter-output>
        </test-method> <!-- lockedOutUserTest -->
        <test-method is-config="true" signature="tearDown(org.testng.ITestResult)[pri:0, instance:com.lieairecode.StSauceLabs@5a1de7fb]" started-at="2025-07-17T11:54:27 WAT" name="tearDown" finished-at="2025-07-17T11:54:30 WAT" duration-ms="2471" status="PASS">
          <params>
            <param index="0">
              <value>
                <![CDATA[[TestResult name=lockedOutUserTest status=SUCCESS method=StSauceLabs.lockedOutUserTest()[pri:2, instance:com.lieairecode.StSauceLabs@5a1de7fb] output={null}]]]>
              </value>
            </param>
          </params>
          <reporter-output>
          </reporter-output>
        </test-method> <!-- tearDown -->
        <test-method is-config="true" signature="setupbeforeMethode(org.testng.ITestResult)[pri:0, instance:com.lieairecode.StSauceLabs@5a1de7fb]" started-at="2025-07-17T11:54:30 WAT" name="setupbeforeMethode" finished-at="2025-07-17T11:54:30 WAT" duration-ms="11" status="PASS">
          <params>
            <param index="0">
              <value>
                <![CDATA[[TestResult name={null} status=CREATED method=StSauceLabs.validLoginTest()[pri:3, instance:com.lieairecode.StSauceLabs@5a1de7fb] output={null}]]]>
              </value>
            </param>
          </params>
          <reporter-output>
          </reporter-output>
        </test-method> <!-- setupbeforeMethode -->
        <test-method signature="validLoginTest()[pri:3, instance:com.lieairecode.StSauceLabs@5a1de7fb]" started-at="2025-07-17T11:54:30 WAT" name="validLoginTest" finished-at="2025-07-17T11:54:31 WAT" duration-ms="860" status="PASS">
          <reporter-output>
          </reporter-output>
        </test-method> <!-- validLoginTest -->
        <test-method is-config="true" signature="tearDown(org.testng.ITestResult)[pri:0, instance:com.lieairecode.StSauceLabs@5a1de7fb]" started-at="2025-07-17T11:54:31 WAT" name="tearDown" finished-at="2025-07-17T11:54:33 WAT" duration-ms="2304" status="PASS">
          <params>
            <param index="0">
              <value>
                <![CDATA[[TestResult name=validLoginTest status=SUCCESS method=StSauceLabs.validLoginTest()[pri:3, instance:com.lieairecode.StSauceLabs@5a1de7fb] output={null}]]]>
              </value>
            </param>
          </params>
          <reporter-output>
          </reporter-output>
        </test-method> <!-- tearDown -->
        <test-method is-config="true" signature="setupbeforeMethode(org.testng.ITestResult)[pri:0, instance:com.lieairecode.StSauceLabs@5a1de7fb]" started-at="2025-07-17T11:54:33 WAT" name="setupbeforeMethode" finished-at="2025-07-17T11:54:33 WAT" duration-ms="7" status="PASS">
          <params>
            <param index="0">
              <value>
                <![CDATA[[TestResult name={null} status=CREATED method=StSauceLabs.addToCartTest()[pri:4, instance:com.lieairecode.StSauceLabs@5a1de7fb] output={null}]]]>
              </value>
            </param>
          </params>
          <reporter-output>
          </reporter-output>
        </test-method> <!-- setupbeforeMethode -->
        <test-method signature="addToCartTest()[pri:4, instance:com.lieairecode.StSauceLabs@5a1de7fb]" started-at="2025-07-17T11:54:33 WAT" name="addToCartTest" finished-at="2025-07-17T11:54:33 WAT" duration-ms="187" status="PASS">
          <reporter-output>
          </reporter-output>
        </test-method> <!-- addToCartTest -->
        <test-method is-config="true" signature="tearDown(org.testng.ITestResult)[pri:0, instance:com.lieairecode.StSauceLabs@5a1de7fb]" started-at="2025-07-17T11:54:33 WAT" name="tearDown" finished-at="2025-07-17T11:54:36 WAT" duration-ms="2241" status="PASS">
          <params>
            <param index="0">
              <value>
                <![CDATA[[TestResult name=addToCartTest status=SUCCESS method=StSauceLabs.addToCartTest()[pri:4, instance:com.lieairecode.StSauceLabs@5a1de7fb] output={null}]]]>
              </value>
            </param>
          </params>
          <reporter-output>
          </reporter-output>
        </test-method> <!-- tearDown -->
        <test-method is-config="true" signature="setupbeforeMethode(org.testng.ITestResult)[pri:0, instance:com.lieairecode.StSauceLabs@5a1de7fb]" started-at="2025-07-17T11:54:36 WAT" name="setupbeforeMethode" finished-at="2025-07-17T11:54:36 WAT" duration-ms="6" status="PASS">
          <params>
            <param index="0">
              <value>
                <![CDATA[[TestResult name={null} status=CREATED method=StSauceLabs.viewCartTest()[pri:5, instance:com.lieairecode.StSauceLabs@5a1de7fb] output={null}]]]>
              </value>
            </param>
          </params>
          <reporter-output>
          </reporter-output>
        </test-method> <!-- setupbeforeMethode -->
        <test-method signature="viewCartTest()[pri:5, instance:com.lieairecode.StSauceLabs@5a1de7fb]" started-at="2025-07-17T11:54:36 WAT" name="viewCartTest" finished-at="2025-07-17T11:54:36 WAT" duration-ms="166" status="PASS">
          <reporter-output>
          </reporter-output>
        </test-method> <!-- viewCartTest -->
        <test-method is-config="true" signature="tearDown(org.testng.ITestResult)[pri:0, instance:com.lieairecode.StSauceLabs@5a1de7fb]" started-at="2025-07-17T11:54:36 WAT" name="tearDown" finished-at="2025-07-17T11:54:38 WAT" duration-ms="2201" status="PASS">
          <params>
            <param index="0">
              <value>
                <![CDATA[[TestResult name=viewCartTest status=SUCCESS method=StSauceLabs.viewCartTest()[pri:5, instance:com.lieairecode.StSauceLabs@5a1de7fb] output={null}]]]>
              </value>
            </param>
          </params>
          <reporter-output>
          </reporter-output>
        </test-method> <!-- tearDown -->
        <test-method is-config="true" signature="setupbeforeMethode(org.testng.ITestResult)[pri:0, instance:com.lieairecode.StSauceLabs@5a1de7fb]" started-at="2025-07-17T11:54:38 WAT" name="setupbeforeMethode" finished-at="2025-07-17T11:54:38 WAT" duration-ms="5" status="PASS">
          <params>
            <param index="0">
              <value>
                <![CDATA[[TestResult name={null} status=CREATED method=StSauceLabs.removeFromCartTest()[pri:6, instance:com.lieairecode.StSauceLabs@5a1de7fb] output={null}]]]>
              </value>
            </param>
          </params>
          <reporter-output>
          </reporter-output>
        </test-method> <!-- setupbeforeMethode -->
        <test-method signature="removeFromCartTest()[pri:6, instance:com.lieairecode.StSauceLabs@5a1de7fb]" started-at="2025-07-17T11:54:38 WAT" name="removeFromCartTest" finished-at="2025-07-17T11:54:38 WAT" duration-ms="149" status="PASS">
          <reporter-output>
          </reporter-output>
        </test-method> <!-- removeFromCartTest -->
        <test-method is-config="true" signature="tearDown(org.testng.ITestResult)[pri:0, instance:com.lieairecode.StSauceLabs@5a1de7fb]" started-at="2025-07-17T11:54:38 WAT" name="tearDown" finished-at="2025-07-17T11:54:40 WAT" duration-ms="2174" status="PASS">
          <params>
            <param index="0">
              <value>
                <![CDATA[[TestResult name=removeFromCartTest status=SUCCESS method=StSauceLabs.removeFromCartTest()[pri:6, instance:com.lieairecode.StSauceLabs@5a1de7fb] output={null}]]]>
              </value>
            </param>
          </params>
          <reporter-output>
          </reporter-output>
        </test-method> <!-- tearDown -->
        <test-method is-config="true" signature="setupbeforeMethode(org.testng.ITestResult)[pri:0, instance:com.lieairecode.StSauceLabs@5a1de7fb]" started-at="2025-07-17T11:54:40 WAT" name="setupbeforeMethode" finished-at="2025-07-17T11:54:40 WAT" duration-ms="5" status="PASS">
          <params>
            <param index="0">
              <value>
                <![CDATA[[TestResult name={null} status=CREATED method=StSauceLabs.checkoutTest()[pri:7, instance:com.lieairecode.StSauceLabs@5a1de7fb] output={null}]]]>
              </value>
            </param>
          </params>
          <reporter-output>
          </reporter-output>
        </test-method> <!-- setupbeforeMethode -->
        <test-method signature="checkoutTest()[pri:7, instance:com.lieairecode.StSauceLabs@5a1de7fb]" started-at="2025-07-17T11:54:40 WAT" name="checkoutTest" finished-at="2025-07-17T11:54:41 WAT" duration-ms="928" status="PASS">
          <reporter-output>
          </reporter-output>
        </test-method> <!-- checkoutTest -->
        <test-method is-config="true" signature="tearDown(org.testng.ITestResult)[pri:0, instance:com.lieairecode.StSauceLabs@5a1de7fb]" started-at="2025-07-17T11:54:41 WAT" name="tearDown" finished-at="2025-07-17T11:54:43 WAT" duration-ms="2205" status="PASS">
          <params>
            <param index="0">
              <value>
                <![CDATA[[TestResult name=checkoutTest status=SUCCESS method=StSauceLabs.checkoutTest()[pri:7, instance:com.lieairecode.StSauceLabs@5a1de7fb] output={null}]]]>
              </value>
            </param>
          </params>
          <reporter-output>
          </reporter-output>
        </test-method> <!-- tearDown -->
        <test-method is-config="true" signature="setupbeforeMethode(org.testng.ITestResult)[pri:0, instance:com.lieairecode.StSauceLabs@5a1de7fb]" started-at="2025-07-17T11:54:43 WAT" name="setupbeforeMethode" finished-at="2025-07-17T11:54:43 WAT" duration-ms="5" status="PASS">
          <params>
            <param index="0">
              <value>
                <![CDATA[[TestResult name={null} status=CREATED method=StSauceLabs.filterProductsTest()[pri:8, instance:com.lieairecode.StSauceLabs@5a1de7fb] output={null}]]]>
              </value>
            </param>
          </params>
          <reporter-output>
          </reporter-output>
        </test-method> <!-- setupbeforeMethode -->
        <test-method signature="filterProductsTest()[pri:8, instance:com.lieairecode.StSauceLabs@5a1de7fb]" started-at="2025-07-17T11:54:43 WAT" name="filterProductsTest" finished-at="2025-07-17T11:54:44 WAT" duration-ms="535" status="PASS">
          <reporter-output>
          </reporter-output>
        </test-method> <!-- filterProductsTest -->
        <test-method is-config="true" signature="tearDown(org.testng.ITestResult)[pri:0, instance:com.lieairecode.StSauceLabs@5a1de7fb]" started-at="2025-07-17T11:54:44 WAT" name="tearDown" finished-at="2025-07-17T11:54:46 WAT" duration-ms="2225" status="PASS">
          <params>
            <param index="0">
              <value>
                <![CDATA[[TestResult name=filterProductsTest status=SUCCESS method=StSauceLabs.filterProductsTest()[pri:8, instance:com.lieairecode.StSauceLabs@5a1de7fb] output={null}]]]>
              </value>
            </param>
          </params>
          <reporter-output>
          </reporter-output>
        </test-method> <!-- tearDown -->
        <test-method is-config="true" signature="setupbeforeMethode(org.testng.ITestResult)[pri:0, instance:com.lieairecode.StSauceLabs@5a1de7fb]" started-at="2025-07-17T11:54:46 WAT" name="setupbeforeMethode" finished-at="2025-07-17T11:54:46 WAT" duration-ms="5" status="PASS">
          <params>
            <param index="0">
              <value>
                <![CDATA[[TestResult name={null} status=CREATED method=StSauceLabs.addToCartInexistentProductTest()[pri:9, instance:com.lieairecode.StSauceLabs@5a1de7fb] output={null}]]]>
              </value>
            </param>
          </params>
          <reporter-output>
          </reporter-output>
        </test-method> <!-- setupbeforeMethode -->
        <test-method signature="addToCartInexistentProductTest()[pri:9, instance:com.lieairecode.StSauceLabs@5a1de7fb]" started-at="2025-07-17T11:54:46 WAT" name="addToCartInexistentProductTest" finished-at="2025-07-17T11:55:16 WAT" duration-ms="30104" status="FAIL">
          <exception class="org.openqa.selenium.TimeoutException">
            <message>
              <![CDATA[Expected condition failed: waiting for visibility of element located by By.xpath: /html/body/div/div/div/div[2]/div/div/div/div[1]/div[2]/div[2]/button[19] (tried for 30 second(s) with 500 milliseconds interval)
Build info: version: '4.23.0', revision: '4df0a231af'
System info: os.name: 'Windows 11', os.arch: 'amd64', os.version: '10.0', java.version: '11.0.17'
Driver info: org.openqa.selenium.chrome.ChromeDriver
Capabilities {acceptInsecureCerts: false, browserName: chrome, browserVersion: 137.0.7151.56, chrome: {chromedriverVersion: 137.0.7151.119 (e0ac9d12dff..., userDataDir: C:\Users\sliti\AppData\Loca...}, fedcm:accounts: true, goog:chromeOptions: {debuggerAddress: localhost:61123}, networkConnectionEnabled: false, pageLoadStrategy: normal, platformName: windows, proxy: Proxy(), se:cdp: ws://localhost:61123/devtoo..., se:cdpVersion: 137.0.7151.56, setWindowRect: true, strictFileInteractability: false, timeouts: {implicit: 0, pageLoad: 300000, script: 30000}, unhandledPromptBehavior: dismiss and notify, webauthn:extension:credBlob: true, webauthn:extension:largeBlob: true, webauthn:extension:minPinLength: true, webauthn:extension:prf: true, webauthn:virtualAuthenticators: true}
Session ID: 7257f5c246a626f7b2c8e903893031c2]]>
            </message>
            <full-stacktrace>
              <![CDATA[org.openqa.selenium.TimeoutException: Expected condition failed: waiting for visibility of element located by By.xpath: /html/body/div/div/div/div[2]/div/div/div/div[1]/div[2]/div[2]/button[19] (tried for 30 second(s) with 500 milliseconds interval)
Build info: version: '4.23.0', revision: '4df0a231af'
System info: os.name: 'Windows 11', os.arch: 'amd64', os.version: '10.0', java.version: '11.0.17'
Driver info: org.openqa.selenium.chrome.ChromeDriver
Capabilities {acceptInsecureCerts: false, browserName: chrome, browserVersion: 137.0.7151.56, chrome: {chromedriverVersion: 137.0.7151.119 (e0ac9d12dff..., userDataDir: C:\Users\sliti\AppData\Loca...}, fedcm:accounts: true, goog:chromeOptions: {debuggerAddress: localhost:61123}, networkConnectionEnabled: false, pageLoadStrategy: normal, platformName: windows, proxy: Proxy(), se:cdp: ws://localhost:61123/devtoo..., se:cdpVersion: 137.0.7151.56, setWindowRect: true, strictFileInteractability: false, timeouts: {implicit: 0, pageLoad: 300000, script: 30000}, unhandledPromptBehavior: dismiss and notify, webauthn:extension:credBlob: true, webauthn:extension:largeBlob: true, webauthn:extension:minPinLength: true, webauthn:extension:prf: true, webauthn:virtualAuthenticators: true}
Session ID: 7257f5c246a626f7b2c8e903893031c2
at org.openqa.selenium.support.ui.WebDriverWait.timeoutException(WebDriverWait.java:84)
at org.openqa.selenium.support.ui.FluentWait.until(FluentWait.java:228)
at com.lieairecode.StSauceLabs.addToCartInexistentProductTest(StSauceLabs.java:302)
at java.base/jdk.internal.reflect.NativeMethodAccessorImpl.invoke0(Native Method)
at java.base/jdk.internal.reflect.NativeMethodAccessorImpl.invoke(NativeMethodAccessorImpl.java:62)
at java.base/jdk.internal.reflect.DelegatingMethodAccessorImpl.invoke(DelegatingMethodAccessorImpl.java:43)
at java.base/java.lang.reflect.Method.invoke(Method.java:566)
at org.testng.internal.invokers.MethodInvocationHelper.invokeMethod(MethodInvocationHelper.java:141)
at org.testng.internal.invokers.TestInvoker.invokeMethod(TestInvoker.java:686)
at org.testng.internal.invokers.TestInvoker.invokeTestMethod(TestInvoker.java:230)
at org.testng.internal.invokers.MethodRunner.runInSequence(MethodRunner.java:63)
at org.testng.internal.invokers.TestInvoker$MethodInvocationAgent.invoke(TestInvoker.java:992)
at org.testng.internal.invokers.TestInvoker.invokeTestMethods(TestInvoker.java:203)
at org.testng.internal.invokers.TestMethodWorker.invokeTestMethods(TestMethodWorker.java:154)
at org.testng.internal.invokers.TestMethodWorker.run(TestMethodWorker.java:134)
at java.base/java.util.ArrayList.forEach(ArrayList.java:1541)
at org.testng.TestRunner.privateRun(TestRunner.java:739)
at org.testng.TestRunner.run(TestRunner.java:614)
at org.testng.SuiteRunner.runTest(SuiteRunner.java:421)
at org.testng.SuiteRunner.runSequentially(SuiteRunner.java:413)
at org.testng.SuiteRunner.privateRun(SuiteRunner.java:373)
at org.testng.SuiteRunner.run(SuiteRunner.java:312)
at org.testng.SuiteRunnerWorker.runSuite(SuiteRunnerWorker.java:52)
at org.testng.SuiteRunnerWorker.run(SuiteRunnerWorker.java:95)
at org.testng.TestNG.runSuitesSequentially(TestNG.java:1274)
at org.testng.TestNG.runSuitesLocally(TestNG.java:1208)
at org.testng.TestNG.runSuites(TestNG.java:1112)
at org.testng.TestNG.run(TestNG.java:1079)
at org.testng.remote.AbstractRemoteTestNG.run(AbstractRemoteTestNG.java:115)
at org.testng.remote.RemoteTestNG.initAndRun(RemoteTestNG.java:293)
at org.testng.remote.RemoteTestNG.main(RemoteTestNG.java:91)
]]>
            </full-stacktrace>
          </exception> <!-- org.openqa.selenium.TimeoutException -->
          <reporter-output>
          </reporter-output>
        </test-method> <!-- addToCartInexistentProductTest -->
        <test-method is-config="true" signature="tearDown(org.testng.ITestResult)[pri:0, instance:com.lieairecode.StSauceLabs@5a1de7fb]" started-at="2025-07-17T11:55:16 WAT" name="tearDown" finished-at="2025-07-17T11:55:19 WAT" duration-ms="2288" status="PASS">
          <params>
            <param index="0">
              <value>
                <![CDATA[[TestResult name=addToCartInexistentProductTest status=FAILURE method=StSauceLabs.addToCartInexistentProductTest()[pri:9, instance:com.lieairecode.StSauceLabs@5a1de7fb] output={null}]]]>
              </value>
            </param>
          </params>
          <reporter-output>
          </reporter-output>
        </test-method> <!-- tearDown -->
        <test-method is-config="true" signature="setupbeforeMethode(org.testng.ITestResult)[pri:0, instance:com.lieairecode.StSauceLabs@5a1de7fb]" started-at="2025-07-17T11:55:19 WAT" name="setupbeforeMethode" finished-at="2025-07-17T11:55:19 WAT" duration-ms="6" status="PASS">
          <params>
            <param index="0">
              <value>
                <![CDATA[[TestResult name={null} status=CREATED method=StSauceLabs.logoutTest()[pri:10, instance:com.lieairecode.StSauceLabs@5a1de7fb] output={null}]]]>
              </value>
            </param>
          </params>
          <reporter-output>
          </reporter-output>
        </test-method> <!-- setupbeforeMethode -->
        <test-method signature="logoutTest()[pri:10, instance:com.lieairecode.StSauceLabs@5a1de7fb]" started-at="2025-07-17T11:55:19 WAT" name="logoutTest" finished-at="2025-07-17T11:55:20 WAT" duration-ms="988" status="PASS">
          <reporter-output>
          </reporter-output>
        </test-method> <!-- logoutTest -->
        <test-method is-config="true" signature="tearDown(org.testng.ITestResult)[pri:0, instance:com.lieairecode.StSauceLabs@5a1de7fb]" started-at="2025-07-17T11:55:20 WAT" name="tearDown" finished-at="2025-07-17T11:55:22 WAT" duration-ms="2249" status="PASS">
          <params>
            <param index="0">
              <value>
                <![CDATA[[TestResult name=logoutTest status=SUCCESS method=StSauceLabs.logoutTest()[pri:10, instance:com.lieairecode.StSauceLabs@5a1de7fb] output={null}]]]>
              </value>
            </param>
          </params>
          <reporter-output>
          </reporter-output>
        </test-method> <!-- tearDown -->
        <test-method is-config="true" signature="tearDownTest()[pri:0, instance:com.lieairecode.StSauceLabs@5a1de7fb]" started-at="2025-07-17T11:55:22 WAT" name="tearDownTest" finished-at="2025-07-17T11:55:23 WAT" duration-ms="945" status="PASS">
          <reporter-output>
          </reporter-output>
        </test-method> <!-- tearDownTest -->
      </class> <!-- com.lieairecode.StSauceLabs -->
    </test> <!-- Default test -->
  </suite> <!-- Default suite -->
</testng-results>
